<?xml version="1.0" encoding="UTF-8"?>
<testsuite xmlns:xsi="http://www.w3.org/2001/XMLSchema-instance" xsi:noNamespaceSchemaLocation="https://maven.apache.org/surefire/maven-surefire-plugin/xsd/surefire-test-report.xsd" version="3.0.1" name="com.example.obsidianrag.MarkdownParserTest" time="0.093" tests="5" errors="0" skipped="0" failures="0">
  <properties>
[...]
</properties>
  <testcase name="shouldExtractTags" classname="com.example.obsidianrag.MarkdownParserTest" time="0.049"/>
  <testcase name="shouldExtractWikiLinks" classname="com.example.obsidianrag.MarkdownParserTest" time="0.002"/>
  <testcase name="shouldExtractFrontmatter" classname="com.example.obsidianrag.MarkdownParserTest" time="0.026"/>
  <testcase name="shouldHandleEmptyContent" classname="com.example.obsidianrag.MarkdownParserTest" time="0.002"/>
  <testcase name="shouldExtractHeadings" classname="com.example.obsidianrag.MarkdownParserTest" time="0.001"/>
</testsuite>